<?xml version="1.0" encoding="UTF-8"?>
<!-- Generated by org.testng.reporters.JUnitReportReporter -->
<testsuite hostname="DESKTOP-6RUKDOR" failures="0" tests="1" name="May_04.Facebook" time="12.209" errors="0" timestamp="2023-05-04T06:51:34 IST" skipped="0">
  <testcase classname="May_04.Facebook" name="FBTc" time="12.209"/>
  <system-out/>
</testsuite> <!-- May_04.Facebook -->
