<?xml version="1.0" encoding="UTF-8"?>
<!-- Generated by org.testng.reporters.JUnitReportReporter -->
<testsuite hostname="DESKTOP-6RUKDOR" failures="0" tests="1" name="May_04.Demo" time="0.022" errors="0" timestamp="2023-05-04T06:49:14 IST" skipped="0">
  <testcase classname="May_04.Demo" name="display" time="0.022"/>
  <system-out/>
</testsuite> <!-- May_04.Demo -->
