<?xml version="1.0" encoding="UTF-8"?>
<!-- Generated by org.testng.reporters.JUnitReportReporter -->
<testsuite hostname="DESKTOP-6RUKDOR" failures="0" tests="1" name="pay.sample" time="0.018" errors="0" timestamp="2023-05-04T14:55:32 IST" skipped="0">
  <testcase classname="pay.sample" name="f" time="0.018"/>
  <system-out/>
</testsuite> <!-- pay.sample -->
